::1 - - [09/May/2019:05:23:35 +0000] "POST /api/groups HTTP/1.1" 201 503 "-" "PostmanRuntime/7.11.0"
::1 - - [09/May/2019:16:35:41 +0000] "GET /api/groups/1/join_code HTTP/1.1" 500 44 "-" "PostmanRuntime/7.11.0"
::1 - - [09/May/2019:16:36:05 +0000] "GET /api/groups/1/join_code HTTP/1.1" 500 44 "-" "PostmanRuntime/7.11.0"
::1 - - [09/May/2019:16:36:11 +0000] "GET /api/groups/ HTTP/1.1" 200 987 "-" "PostmanRuntime/7.11.0"
::1 - - [09/May/2019:16:36:20 +0000] "GET /api/groups/1/join_code HTTP/1.1" 500 44 "-" "PostmanRuntime/7.11.0"
::1 - - [09/May/2019:16:36:22 +0000] "GET /api/groups/1/join_code HTTP/1.1" 500 44 "-" "PostmanRuntime/7.11.0"
::1 - - [09/May/2019:16:36:30 +0000] "GET /api/groups/2/join_code HTTP/1.1" 500 44 "-" "PostmanRuntime/7.11.0"
::1 - - [09/May/2019:16:37:17 +0000] "GET /api/groups/2/join_code HTTP/1.1" 200 23 "-" "PostmanRuntime/7.11.0"
::1 - - [09/May/2019:16:37:24 +0000] "GET /api/groups/1/join_code HTTP/1.1" 200 22 "-" "PostmanRuntime/7.11.0"
::1 - - [09/May/2019:16:48:10 +0000] "POST /api/groups/ HTTP/1.1" 406 272 "-" "PostmanRuntime/7.11.0"
::1 - - [09/May/2019:16:48:19 +0000] "POST /api/groups/ HTTP/1.1" 500 120 "-" "PostmanRuntime/7.11.0"
::1 - - [09/May/2019:16:48:35 +0000] "POST /api/groups/ HTTP/1.1" 500 120 "-" "PostmanRuntime/7.11.0"
::1 - - [09/May/2019:16:48:53 +0000] "POST /api/groups/ HTTP/1.1" 201 471 "-" "PostmanRuntime/7.11.0"
::1 - - [09/May/2019:16:50:07 +0000] "GET /api/groups/4/join_code HTTP/1.1" 200 28 "-" "PostmanRuntime/7.11.0"
::1 - - [09/May/2019:21:14:02 +0000] "POST /api/participants/ HTTP/1.1" 500 79 "-" "PostmanRuntime/7.11.0"
::1 - - [09/May/2019:21:14:11 +0000] "POST /api/participants/ HTTP/1.1" 500 79 "-" "PostmanRuntime/7.11.0"
::1 - - [09/May/2019:21:17:06 +0000] "GET /api/participants/ HTTP/1.1" 200 531 "-" "PostmanRuntime/7.11.0"
::1 - - [09/May/2019:21:22:17 +0000] "GET /api/participants/ HTTP/1.1" 200 531 "-" "PostmanRuntime/7.11.0"
::1 - - [09/May/2019:21:22:40 +0000] "POST /api/participants/ HTTP/1.1" 500 80 "-" "PostmanRuntime/7.11.0"
::1 - - [09/May/2019:21:23:16 +0000] "POST /api/participants/ HTTP/1.1" 500 74 "-" "PostmanRuntime/7.11.0"
::1 - - [09/May/2019:21:23:21 +0000] "GET /api/participants/ HTTP/1.1" 200 531 "-" "PostmanRuntime/7.11.0"
::1 - - [09/May/2019:21:24:40 +0000] "POST /api/participants/ HTTP/1.1" 200 8 "-" "PostmanRuntime/7.11.0"
::1 - - [09/May/2019:21:24:49 +0000] "GET /api/participants/ HTTP/1.1" 200 593 "-" "PostmanRuntime/7.11.0"
